SF:lib/media_picker_plus.dart
DA:16,1
DA:19,1
DA:20,1
DA:24,1
DA:27,1
DA:28,1
DA:32,1
DA:35,1
DA:36,1
DA:40,1
DA:43,1
DA:44,1
DA:48,1
DA:49,2
DA:53,1
DA:54,2
DA:58,1
DA:59,2
DA:63,1
DA:64,2
DA:68,1
DA:72,1
DA:73,1
DA:77,1
DA:81,1
DA:82,1
DA:86,1
DA:89,1
DA:90,1
DA:94,1
DA:97,1
DA:98,1
LF:32
LH:32
end_of_record
SF:lib/media_picker_plus_platform_interface.dart
DA:10,9
DA:12,9
DA:14,4
DA:19,4
DA:24,2
DA:25,4
DA:29,1
DA:30,1
DA:33,1
DA:35,1
DA:38,1
DA:39,1
DA:42,1
DA:43,1
DA:47,1
DA:48,1
DA:52,1
DA:53,1
DA:57,1
DA:59,1
DA:62,1
DA:64,1
DA:67,1
DA:69,1
LF:24
LH:24
end_of_record
SF:lib/media_picker_plus_method_channel.dart
DA:16,1
DA:19,2
DA:23,1
DA:27,3
DA:28,3
DA:29,3
DA:30,1
DA:33,1
DA:34,3
DA:38,1
DA:40,2
DA:44,1
DA:46,2
DA:50,1
DA:52,2
DA:56,1
DA:58,2
DA:62,1
DA:66,3
DA:67,1
DA:71,0
DA:72,0
DA:76,1
DA:81,3
DA:82,1
DA:85,2
DA:86,0
DA:87,0
DA:91,1
DA:96,3
DA:97,3
DA:98,3
DA:99,1
DA:101,2
DA:102,0
DA:103,0
LF:36
LH:30
end_of_record
SF:lib/media_options.dart
DA:19,6
DA:29,2
DA:30,2
DA:31,2
DA:32,2
DA:33,2
DA:34,2
DA:35,2
DA:36,2
DA:37,4
LF:10
LH:10
end_of_record
