SF:lib/media_picker_plus_method_channel.dart
DA:15,1
DA:17,2
DA:21,1
DA:24,3
DA:25,3
DA:26,3
DA:27,1
DA:30,1
DA:31,3
DA:35,1
DA:37,2
DA:40,1
DA:42,2
DA:45,1
DA:47,2
DA:50,1
DA:52,2
LF:17
LH:17
end_of_record
SF:lib/media_options.dart
DA:19,5
DA:29,2
DA:30,2
DA:31,2
DA:32,2
DA:33,2
DA:34,2
DA:35,2
DA:36,2
DA:37,4
LF:10
LH:10
end_of_record
SF:lib/media_picker_plus.dart
DA:16,1
DA:19,2
DA:23,1
DA:26,2
DA:30,1
DA:33,2
DA:37,1
DA:40,2
DA:44,1
DA:45,2
DA:49,1
DA:50,2
DA:54,1
DA:55,2
DA:59,1
DA:60,2
LF:16
LH:16
end_of_record
SF:lib/media_picker_plus_platform_interface.dart
DA:10,6
DA:12,6
DA:14,3
DA:19,2
DA:24,1
DA:25,2
DA:29,0
DA:30,0
DA:33,0
DA:34,0
DA:37,0
DA:38,0
DA:41,0
DA:42,0
DA:45,0
DA:46,0
DA:49,0
DA:50,0
LF:18
LH:6
end_of_record
